V3 migration starting...
login success!
login: 0
Need to fill: 3124
[50] Reconnecting...
logout success!
login success!
[100] Reconnecting...
logout success!
login success!
[150] Reconnecting...
logout success!
login success!
[200] Reconnecting...
logout success!
login success!
[250] Reconnecting...
logout success!
login success!
[300] Reconnecting...
logout success!
login success!
[350] Reconnecting...
logout success!
login success!
[400] Reconnecting...
logout success!
login success!
[450] Reconnecting...
logout success!
login success!
[500/3124] updated=0 failed=0 err=50
[500] Reconnecting...
logout success!
login success!
[550] Reconnecting...
logout success!
login success!
[600] Reconnecting...
logout success!
login success!
[650] Reconnecting...
logout success!
login success!
[700] Reconnecting...
logout success!
login success!
[750] Reconnecting...
logout success!
login success!
[800] Reconnecting...
logout success!
login success!
[850] Reconnecting...
logout success!
login success!
[900] Reconnecting...
logout success!
login success!
[950] Reconnecting...
logout success!
login success!
[1000/3124] updated=0 failed=0 err=50
[1000] Reconnecting...
logout success!
login success!
[1050] Reconnecting...
logout success!
login success!
[1100] Reconnecting...
logout success!
login success!
[1150] Reconnecting...
logout success!
login success!
[1200] Reconnecting...
logout success!
login success!
[1250] Reconnecting...
logout success!
login success!
[1300] Reconnecting...
logout success!
login success!
[1350] Reconnecting...
logout success!
login success!
[1400] Reconnecting...
logout success!
login success!
[1450] Reconnecting...
logout success!
login success!
[1500/3124] updated=0 failed=0 err=50
[1500] Reconnecting...
logout success!
login success!
[1550] Reconnecting...
logout success!
login success!
[1600] Reconnecting...
logout success!
login success!
[1650] Reconnecting...
logout success!
login success!
[1700] Reconnecting...
logout failed!
login success!
[1750] Reconnecting...
logout success!
login success!
[1800] Reconnecting...
logout success!
login success!
[1850] Reconnecting...
logout success!
login success!
[1900] Reconnecting...
logout success!
login success!
[1950] Reconnecting...
logout success!
login success!
[2000/3124] updated=0 failed=0 err=50
[2000] Reconnecting...
logout success!
login success!
[2050] Reconnecting...
logout success!
login success!
[2100] Reconnecting...
logout success!
login success!
[2150] Reconnecting...
logout success!
login success!
[2200] Reconnecting...
logout success!
login success!
[2250] Reconnecting...
logout success!
login success!
[2300] Reconnecting...
logout success!
login success!
[2350] Reconnecting...
logout success!
login success!
[2400] Reconnecting...
logout success!
login success!
[2450] Reconnecting...
logout success!
login success!
[2500/3124] updated=0 failed=0 err=50
[2500] Reconnecting...
logout success!
login success!
[2550] Reconnecting...
logout success!
login success!
[2600] Reconnecting...
logout success!
login success!
[2650] Reconnecting...
logout success!
login success!
[2700] Reconnecting...
logout success!
login success!
[2750] Reconnecting...
logout success!
login success!
[2800] Reconnecting...
logout success!
login success!
[2850] Reconnecting...
logout success!
login success!
[2900] Reconnecting...
logout success!
login success!
[2950] Reconnecting...
logout success!
login success!
[3000/3124] updated=0 failed=0 err=50
[3000] Reconnecting...
logout success!
login success!
[3050] Reconnecting...
logout success!
login success!
[3100] Reconnecting...
logout success!
login success!
logout success!
DONE: 4419/7543 filled
