login success!
baostock 登录成功
需补充 3624 只股票（已跳过有数据的）
进度: 500/3624 (13.8%) | 更新 500 | 失败 0 | 连续错误 0
[550] 连续 50 次错误，重连 baostock...
logout success!
login success!
重连成功
进度: 1000/3624 (27.6%) | 更新 920 | 失败 80 | 连续错误 0
[1050] 连续 50 次错误，重连 baostock...
logout failed!
login success!
重连成功
[1100] 连续 50 次错误，重连 baostock...
logout success!
login success!
重连成功
进度: 2000/3624 (55.2%) | 更新 1745 | 失败 255 | 连续错误 0
[2050] 连续 50 次错误，重连 baostock...
logout success!
login success!
重连成功
进度: 2500/3624 (69.0%) | 更新 2153 | 失败 347 | 连续错误 0
进度: 3000/3624 (82.8%) | 更新 2605 | 失败 395 | 连续错误 0
进度: 3500/3624 (96.6%) | 更新 3061 | 失败 439 | 连续错误 0
logout success!

完成! 更新 3139 只, 失败 485 只
验证: 4961/5197 (95.5%) 条已填充新字段
